\BOOKMARK [1][-]{section.1}{\376\377\000I\000n\000t\000r\000o\000d\000u\000c\000c\000i\000\363\000n}{}% 1
\BOOKMARK [1][-]{section.2}{\376\377\000E\000j\000e\000\040\0001\000\040\040\024\000\040\000D\000i\000s\000e\000\361\000o\000\040\000y\000\040\000t\000e\000o\000r\000\355\000a}{}% 2
\BOOKMARK [2][-]{subsection.2.1}{\376\377\000M\000o\000t\000i\000v\000a\000c\000i\000\363\000n\000:\000\040\000m\000u\000l\000t\000i\000c\000o\000l\000i\000n\000e\000a\000l\000i\000d\000a\000d\000\040\000e\000n\000\040\000i\000m\000\341\000g\000e\000n\000e\000s}{section.2}% 3
\BOOKMARK [2][-]{subsection.2.2}{\376\377\000P\000o\000r\000\040\000q\000u\000\351\000\040\000O\000L\000S\000\040\000f\000a\000l\000l\000a\000\040\000c\000u\000a\000n\000d\000o\000\040\000X\000X\000\040\000e\000s\000\040\000c\000a\000s\000i\000\040\000s\000i\000n\000g\000u\000l\000a\000r}{section.2}% 4
\BOOKMARK [2][-]{subsection.2.3}{\376\377\000D\000e\000r\000i\000v\000a\000c\000i\000\363\000n\000\040\000d\000e\000\040\000R\000i\000d\000g\000e\000\040\000R\000e\000g\000r\000e\000s\000s\000i\000o\000n}{section.2}% 5
\BOOKMARK [2][-]{subsection.2.4}{\376\377\000I\000n\000t\000e\000r\000p\000r\000e\000t\000a\000c\000i\000\363\000n\000\040\000g\000e\000o\000m\000\351\000t\000r\000i\000c\000a}{section.2}% 6
\BOOKMARK [2][-]{subsection.2.5}{\376\377\000S\000\355\000m\000p\000l\000e\000x\000\040\000r\000e\000g\000u\000l\000a\000r\000\040\000y\000\040\000c\000l\000a\000s\000i\000f\000i\000c\000a\000c\000i\000\363\000n}{section.2}% 7
\BOOKMARK [2][-]{subsection.2.6}{\376\377\000P\000i\000p\000e\000l\000i\000n\000e\000\040\000i\000m\000p\000l\000e\000m\000e\000n\000t\000a\000d\000o}{section.2}% 8
\BOOKMARK [2][-]{subsection.2.7}{\376\377\000B\000i\000a\000s\000-\000v\000a\000r\000i\000a\000n\000c\000e\000\040\000t\000r\000a\000d\000e\000o\000f\000f}{section.2}% 9
\BOOKMARK [1][-]{section.3}{\376\377\000E\000j\000e\000\040\0002\000\040\040\024\000\040\000P\000r\000o\000g\000r\000a\000m\000a\000c\000i\000\363\000n}{}% 10
\BOOKMARK [2][-]{subsection.3.1}{\376\377\000D\000e\000s\000c\000r\000i\000p\000c\000i\000\363\000n\000\040\000g\000e\000n\000e\000r\000a\000l\000\040\000d\000e\000l\000\040\000c\000\363\000d\000i\000g\000o}{section.3}% 11
\BOOKMARK [2][-]{subsection.3.2}{\376\377\000P\000r\000e\000p\000r\000o\000c\000e\000s\000a\000m\000i\000e\000n\000t\000o\000\040\000d\000e\000\040\000i\000m\000\341\000g\000e\000n\000e\000s}{section.3}% 12
\BOOKMARK [2][-]{subsection.3.3}{\376\377\000D\000e\000s\000c\000r\000i\000p\000c\000i\000\363\000n\000\040\000d\000e\000l\000\040\000d\000a\000t\000a\000s\000e\000t\000\040\000r\000e\000a\000l}{section.3}% 13
\BOOKMARK [2][-]{subsection.3.4}{\376\377\000P\000a\000r\000t\000i\000c\000i\000\363\000n\000\040\000t\000r\000a\000i\000n\000/\000v\000a\000l\000i\000d\000a\000t\000i\000o\000n\000/\000t\000e\000s\000t}{section.3}% 14
\BOOKMARK [2][-]{subsection.3.5}{\376\377\000N\000o\000r\000m\000a\000l\000i\000z\000a\000c\000i\000\363\000n}{section.3}% 15
\BOOKMARK [2][-]{subsection.3.6}{\376\377\000R\000e\000d\000u\000c\000c\000i\000\363\000n\000\040\000d\000e\000\040\000d\000i\000m\000e\000n\000s\000i\000o\000n\000a\000l\000i\000d\000a\000d\000\040\000c\000o\000n\000\040\000P\000C\000A}{section.3}% 16
\BOOKMARK [2][-]{subsection.3.7}{\376\377\000C\000o\000n\000s\000t\000r\000u\000c\000c\000i\000\363\000n\000\040\000d\000e\000l\000\040\000s\000\355\000m\000p\000l\000e\000x\000\040\000r\000e\000g\000u\000l\000a\000r}{section.3}% 17
\BOOKMARK [2][-]{subsection.3.8}{\376\377\000I\000m\000p\000l\000e\000m\000e\000n\000t\000a\000c\000i\000\363\000n\000\040\000m\000a\000n\000u\000a\000l\000\040\000d\000e\000\040\000R\000i\000d\000g\000e}{section.3}% 18
\BOOKMARK [2][-]{subsection.3.9}{\376\377\000B\000\372\000s\000q\000u\000e\000d\000a\000\040\000d\000e\000l\000\040\000m\000e\000j\000o\000r\000\040}{section.3}% 19
\BOOKMARK [2][-]{subsection.3.10}{\376\377\000C\000l\000a\000s\000i\000f\000i\000c\000a\000c\000i\000\363\000n}{section.3}% 20
\BOOKMARK [2][-]{subsection.3.11}{\376\377\000M\000\351\000t\000r\000i\000c\000a\000s\000\040\000y\000\040\000v\000i\000s\000u\000a\000l\000i\000z\000a\000c\000i\000o\000n\000e\000s}{section.3}% 21
\BOOKMARK [2][-]{subsection.3.12}{\376\377\000R\000e\000s\000u\000l\000t\000a\000d\000o\000s}{section.3}% 22
\BOOKMARK [2][-]{subsection.3.13}{\376\377\000A\000n\000\341\000l\000i\000s\000i\000s\000\040\000d\000e\000\040\000r\000e\000s\000u\000l\000t\000a\000d\000o\000s}{section.3}% 23
\BOOKMARK [2][-]{subsection.3.14}{\376\377\000C\000a\000l\000i\000d\000a\000d\000\040\000d\000e\000l\000\040\000c\000\363\000d\000i\000g\000o}{section.3}% 24
\BOOKMARK [1][-]{section.4}{\376\377\000E\000j\000e\000\040\0003\000\040\040\024\000\040\000C\000a\000p\000t\000u\000r\000a\000\040\000f\000o\000t\000o\000g\000r\000\341\000f\000i\000c\000a\000\040\000y\000\040\000l\000i\000m\000p\000i\000e\000z\000a\000\040\000d\000e\000\040\000d\000a\000t\000o\000s}{}% 25
\BOOKMARK [2][-]{subsection.4.1}{\376\377\000O\000b\000j\000e\000t\000i\000v\000o}{section.4}% 26
\BOOKMARK [2][-]{subsection.4.2}{\376\377\000P\000r\000o\000t\000o\000c\000o\000l\000o\000\040\000d\000e\000\040\000c\000a\000p\000t\000u\000r\000a}{section.4}% 27
\BOOKMARK [2][-]{subsection.4.3}{\376\377\000D\000e\000t\000e\000c\000c\000i\000\363\000n\000\040\000y\000\040\000r\000e\000c\000o\000r\000t\000e\000\040\000d\000e\000\040\000r\000o\000s\000t\000r\000o}{section.4}% 28
\BOOKMARK [2][-]{subsection.4.4}{\376\377\000C\000o\000n\000v\000e\000r\000s\000i\000\363\000n\000\040\000y\000\040\000a\000l\000m\000a\000c\000e\000n\000a\000m\000i\000e\000n\000t\000o}{section.4}% 29
\BOOKMARK [2][-]{subsection.4.5}{\376\377\000R\000e\000s\000u\000l\000t\000a\000d\000o\000s\000\040\000d\000e\000l\000\040\000f\000i\000l\000t\000r\000a\000d\000o}{section.4}% 30
\BOOKMARK [2][-]{subsection.4.6}{\376\377\000R\000e\000g\000i\000s\000t\000r\000o\000\040\000d\000e\000\040\000i\000m\000\341\000g\000e\000n\000e\000s\000\040\000d\000e\000s\000c\000a\000r\000t\000a\000d\000a\000s}{section.4}% 31
\BOOKMARK [2][-]{subsection.4.7}{\376\377\000L\000i\000m\000i\000t\000a\000c\000i\000o\000n\000e\000s\000\040\000f\000r\000e\000n\000t\000e\000\040\000a\000\040\000l\000a\000\040\000r\000\372\000b\000r\000i\000c\000a}{section.4}% 32
\BOOKMARK [2][-]{subsection.4.8}{\376\377\000E\000j\000e\000m\000p\000l\000o\000s\000\040\000a\000n\000t\000e\000s\000/\000d\000e\000s\000p\000u\000\351\000s}{section.4}% 33
\BOOKMARK [1][-]{section.5}{\376\377\000C\000u\000m\000p\000l\000i\000m\000i\000e\000n\000t\000o\000\040\000d\000e\000\040\000l\000a\000\040\000r\000\372\000b\000r\000i\000c\000a}{}% 34
\BOOKMARK [2][-]{subsection.5.1}{\376\377\000R\000e\000s\000u\000m\000e\000n\000\040\000d\000e\000\040\000a\000v\000a\000n\000c\000e}{section.5}% 35
\BOOKMARK [1][-]{section.6}{\376\377\000R\000e\000f\000l\000e\000x\000i\000\363\000n\000\040\000f\000i\000n\000a\000l}{}% 36
\BOOKMARK [1][-]{section.7}{\376\377\000C\000o\000n\000c\000l\000u\000s\000i\000o\000n\000e\000s}{}% 37
